<?xml version="1.0" encoding="UTF-8"?>
<!-- Generated by org.testng.reporters.JUnitReportReporter -->
<testsuite skipped="0" hostname="My-PC" name="Functional_TestCase_HomePage.HomePageTest" tests="1" failures="0" timestamp="14 Mar 2017 13:05:18 GMT" time="88.341" errors="0">
  <testcase name="askForQuoteTest" time="88.341" classname="Functional_TestCase_HomePage.HomePageTest"/>
</testsuite> <!-- Functional_TestCase_HomePage.HomePageTest -->
