<?xml version="1.0" encoding="UTF-8"?>
<!-- Generated by org.testng.reporters.JUnitReportReporter -->
<testsuite hostname="MS-DT-056" name="Functional_TestCase_HomePage.msupply_HomePage_ServiceProvider_Brand_Testimonial_Verification_Test" tests="1" failures="0" timestamp="14 Jul 2016 11:13:44 GMT" time="161.731" errors="0">
  <testcase name="msupply_HomePage_ServiceProvider_Brand_Testimonial_Verification" time="161.731" classname="Functional_TestCase_HomePage.msupply_HomePage_ServiceProvider_Brand_Testimonial_Verification_Test"/>
</testsuite> <!-- Functional_TestCase_HomePage.msupply_HomePage_ServiceProvider_Brand_Testimonial_Verification_Test -->
