<?xml version="1.0" encoding="UTF-8"?>
<!-- Generated by org.testng.reporters.JUnitReportReporter -->
<testsuite hostname="MS-DT-056" name="Functional_TestCase_HomePage.msupply_HomePage_SubHeaderVerification_Test" tests="1" failures="0" timestamp="14 Jul 2016 11:30:06 GMT" time="159.810" errors="0">
  <testcase name="msupply_HomePage_SubHeaderVerification" time="159.810" classname="Functional_TestCase_HomePage.msupply_HomePage_SubHeaderVerification_Test"/>
</testsuite> <!-- Functional_TestCase_HomePage.msupply_HomePage_SubHeaderVerification_Test -->
