<?xml version="1.0" encoding="UTF-8"?>
<!-- Generated by org.testng.reporters.JUnitReportReporter -->
<testsuite hostname="SANDEEP" name="Functional_TestCase_HomePage.msupply_HomePage_SubHeaderVerification_Test" tests="1" failures="0" timestamp="13 Jul 2016 18:14:17 GMT" time="176.542" errors="0">
  <testcase name="msupply_HomePage_SubHeaderVerification" time="176.542" classname="Functional_TestCase_HomePage.msupply_HomePage_SubHeaderVerification_Test"/>
</testsuite> <!-- Functional_TestCase_HomePage.msupply_HomePage_SubHeaderVerification_Test -->
